<?xml version="1.0" encoding="UTF-8"?>
<coverage generated="1673497703136" clover="3.2.0">
  <project timestamp="1673497703136" name="All files">
    <metrics statements="9" coveredstatements="5" conditionals="4" coveredconditionals="3" methods="4" coveredmethods="1" elements="17" coveredelements="9" complexity="0" loc="9" ncloc="9" packages="1" files="2" classes="2"/>
    <file name="calculator.js" path="C:\Users\KJGri\Documents\node\Lesson3\calculator.js">
      <metrics statements="5" coveredstatements="2" conditionals="0" coveredconditionals="0" methods="3" coveredmethods="0"/>
      <line num="1" count="1" type="stmt"/>
      <line num="5" count="0" type="stmt"/>
      <line num="11" count="0" type="stmt"/>
      <line num="17" count="0" type="stmt"/>
      <line num="23" count="1" type="stmt"/>
    </file>
    <file name="sum.js" path="C:\Users\KJGri\Documents\node\Lesson3\sum.js">
      <metrics statements="4" coveredstatements="3" conditionals="4" coveredconditionals="3" methods="1" coveredmethods="1"/>
      <line num="2" count="1" type="cond" truecount="3" falsecount="1"/>
      <line num="3" count="0" type="stmt"/>
      <line num="5" count="1" type="stmt"/>
      <line num="8" count="1" type="stmt"/>
    </file>
  </project>
</coverage>
